SLF4J(W): Class path contains multiple SLF4J providers.
SLF4J(W): Found provider [scribe.slf4j.ScribeServiceProvider@4b2be19]
SLF4J(W): Found provider [ch.qos.logback.classic.spi.LogbackServiceProvider@47126c29]
SLF4J(W): See https://www.slf4j.org/codes.html#multiple_bindings for an explanation.
SLF4J(I): Actual provider is of type [scribe.slf4j.ScribeServiceProvider@4b2be19]
2024.05.21 08:43:35 WARN  Flyway upgrade recommended: H2 2.2.224 is newer than this version of Flyway and support has not been tested. The latest supported version of H2 is 2.2.220.
2024.05.21 08:43:36 INFO  no build target found for C:\Users\warsr\Documents\GitHub\scalaromainleguen\scalaromainleguen\src\main\scala\Main.scala. Using presentation compiler with project's scala-library version: 3.3.3
2024.05.21 08:43:42 INFO  running 'C:\Users\warsr\AppData\Local\Coursier\cache\arc\https\github.com\adoptium\temurin17-binaries\releases\download\jdk-17%252B35\OpenJDK17-jdk_x64_windows_hotspot_17_35.zip\jdk-17+35\bin\java.exe -Djline.terminal=jline.UnsupportedTerminal -Dsbt.log.noformat=true -Dfile.encoding=UTF-8 -jar C:\Users\warsr\AppData\Local\Temp\metals1336606939825082377\sbt-launch.jar -Dbloop.export-jar-classifiers=sources bloopInstall'
2024.05.21 08:43:47 INFO  [info] welcome to sbt 1.9.9 (Eclipse Adoptium Java 17)
2024.05.21 08:43:49 INFO  [info] loading settings for project scalaromainleguen-build-build from metals.sbt ...
2024.05.21 08:43:49 INFO  [info] loading project definition from C:\Users\warsr\Documents\GitHub\scalaromainleguen\scalaromainleguen\project\project
2024.05.21 08:43:51 INFO  [info] loading settings for project scalaromainleguen-build from metals.sbt ...
2024.05.21 08:43:51 INFO  [info] loading project definition from C:\Users\warsr\Documents\GitHub\scalaromainleguen\scalaromainleguen\project
2024.05.21 08:43:54 INFO  [success] Generated .bloop\scalaromainleguen-build.json
2024.05.21 08:43:54 INFO  [success] Total time: 3 s, completed 21 mai 2024, 08:43:54
2024.05.21 08:43:55 INFO  [info] loading settings for project scalaromainleguen from build.sbt ...
2024.05.21 08:43:55 INFO  [info] set current project to hello-world (in build file:/C:/Users/warsr/Documents/GitHub/scalaromainleguen/scalaromainleguen/)
2024.05.21 08:43:57 INFO  [success] Generated .bloop\scalaromainleguen-test.json
2024.05.21 08:43:57 INFO  [success] Generated .bloop\scalaromainleguen.json
2024.05.21 08:43:57 INFO  [success] Total time: 2 s, completed 21 mai 2024, 08:43:57
2024.05.21 08:43:57 INFO  time: ran 'sbt bloopInstall' in 15s
2024.05.21 08:43:57 INFO  Attempting to connect to the build server...
2024.05.21 08:43:57 INFO  tracing is disabled for protocol BSP, to enable tracing of incoming and outgoing JSON messages create an empty file at C:\Users\warsr\Documents\GitHub\scalaromainleguen\.metals\bsp.trace.json or C:\Users\warsr\AppData\Local\scalameta\metals\cache\bsp.trace.json
2024.05.21 08:44:00 INFO  time: Connected to build server in 3.13s
2024.05.21 08:44:00 INFO  Connected to Build server: Bloop v1.5.17
2024.05.21 08:44:03 INFO  time: indexed workspace in 2.58s
2024.05.21 08:44:03 INFO  compiling scalaromainleguen (1 scala source)
2024.05.21 08:44:05 INFO  time: compiled scalaromainleguen in 2.22s
2024.05.21 08:50:18 INFO  compiling scalaromainleguen (1 scala source)
2024.05.21 08:50:18 INFO  time: compiled scalaromainleguen in 0.33s
2024.05.21 08:50:31 INFO  compiling scalaromainleguen (1 scala source)
2024.05.21 08:50:31 INFO  time: compiled scalaromainleguen in 0.16s
2024.05.21 08:51:09 INFO  compiling scalaromainleguen (1 scala source)
2024.05.21 08:51:09 INFO  time: compiled scalaromainleguen in 0.18s
2024.05.21 08:51:32 INFO  no build target found for C:\Users\warsr\Documents\GitHub\scalaromainleguen\scalaromainleguen\build.sbt. Using presentation compiler with project's scala-library version: 2.13.12
2024.05.21 08:51:32 INFO  no build target found for C:\Users\warsr\Documents\GitHub\scalaromainleguen\scalaromainleguen\build.sbt. Using presentation compiler with project's scala-library version: 2.13.12
2024.05.21 08:51:36 INFO  no build target found for C:\Users\warsr\Documents\GitHub\scalaromainleguen\scalaromainleguen\build.sbt. Using presentation compiler with project's scala-library version: 2.13.12
2024.05.21 08:51:37 INFO  no build target found for C:\Users\warsr\Documents\GitHub\scalaromainleguen\scalaromainleguen\build.sbt. Using presentation compiler with project's scala-library version: 2.13.12
2024.05.21 08:51:37 INFO  no build target found for C:\Users\warsr\Documents\GitHub\scalaromainleguen\scalaromainleguen\build.sbt. Using presentation compiler with project's scala-library version: 2.13.12
2024.05.21 08:51:41 INFO  no build target found for C:\Users\warsr\Documents\GitHub\scalaromainleguen\scalaromainleguen\build.sbt. Using presentation compiler with project's scala-library version: 2.13.12
2024.05.21 08:51:44 INFO  no build target found for C:\Users\warsr\Documents\GitHub\scalaromainleguen\scalaromainleguen\build.sbt. Using presentation compiler with project's scala-library version: 2.13.12
2024.05.21 08:51:44 INFO  no build target found for C:\Users\warsr\Documents\GitHub\scalaromainleguen\scalaromainleguen\build.sbt. Using presentation compiler with project's scala-library version: 2.13.12
2024.05.21 08:51:45 INFO  no build target found for C:\Users\warsr\Documents\GitHub\scalaromainleguen\scalaromainleguen\build.sbt. Using presentation compiler with project's scala-library version: 2.13.12
2024.05.21 08:51:45 INFO  no build target found for C:\Users\warsr\Documents\GitHub\scalaromainleguen\scalaromainleguen\build.sbt. Using presentation compiler with project's scala-library version: 2.13.12
2024.05.21 08:51:46 WARN  no build target for: C:\Users\warsr\Documents\GitHub\scalaromainleguen\scalaromainleguen\build.sbt
2024.05.21 08:51:46 INFO  no build target found for C:\Users\warsr\Documents\GitHub\scalaromainleguen\scalaromainleguen\build.sbt. Using presentation compiler with project's scala-library version: 2.13.12
2024.05.21 08:51:48 INFO  running 'C:\Users\warsr\AppData\Local\Coursier\cache\arc\https\github.com\adoptium\temurin17-binaries\releases\download\jdk-17%252B35\OpenJDK17-jdk_x64_windows_hotspot_17_35.zip\jdk-17+35\bin\java.exe -Djline.terminal=jline.UnsupportedTerminal -Dsbt.log.noformat=true -Dfile.encoding=UTF-8 -jar C:\Users\warsr\AppData\Local\Temp\metals5185698442430825316\sbt-launch.jar -Dbloop.export-jar-classifiers=sources bloopInstall'
2024.05.21 08:51:48 INFO  no build target found for C:\Users\warsr\Documents\GitHub\scalaromainleguen\scalaromainleguen\build.sbt. Using presentation compiler with project's scala-library version: 2.13.12
2024.05.21 08:51:48 INFO  no build target found for C:\Users\warsr\Documents\GitHub\scalaromainleguen\scalaromainleguen\build.sbt. Using presentation compiler with project's scala-library version: 2.13.12
2024.05.21 08:51:50 INFO  [info] welcome to sbt 1.9.9 (Eclipse Adoptium Java 17)
2024.05.21 08:51:50 INFO  no build target found for C:\Users\warsr\Documents\GitHub\scalaromainleguen\scalaromainleguen\build.sbt. Using presentation compiler with project's scala-library version: 2.13.12
2024.05.21 08:51:50 INFO  [info] loading settings for project scalaromainleguen-build-build from metals.sbt ...
2024.05.21 08:51:50 INFO  no build target found for C:\Users\warsr\Documents\GitHub\scalaromainleguen\scalaromainleguen\build.sbt. Using presentation compiler with project's scala-library version: 2.13.12
2024.05.21 08:51:51 INFO  [info] loading project definition from C:\Users\warsr\Documents\GitHub\scalaromainleguen\scalaromainleguen\project\project
2024.05.21 08:51:51 INFO  [info] loading settings for project scalaromainleguen-build from metals.sbt ...
2024.05.21 08:51:51 INFO  [info] loading project definition from C:\Users\warsr\Documents\GitHub\scalaromainleguen\scalaromainleguen\project
2024.05.21 08:51:52 INFO  no build target found for C:\Users\warsr\Documents\GitHub\scalaromainleguen\scalaromainleguen\build.sbt. Using presentation compiler with project's scala-library version: 2.13.12
2024.05.21 08:51:52 INFO  no build target found for C:\Users\warsr\Documents\GitHub\scalaromainleguen\scalaromainleguen\build.sbt. Using presentation compiler with project's scala-library version: 2.13.12
2024.05.21 08:51:54 INFO  [success] Generated .bloop\scalaromainleguen-build.json
2024.05.21 08:51:54 INFO  [success] Total time: 2 s, completed 21 mai 2024, 08:51:54
2024.05.21 08:51:56 INFO  [info] loading settings for project scalaromainleguen from build.sbt ...
2024.05.21 08:51:56 INFO  [info] set current project to hello-world (in build file:/C:/Users/warsr/Documents/GitHub/scalaromainleguen/scalaromainleguen/)
2024.05.21 08:51:59 INFO  [success] Generated .bloop\scalaromainleguen.json
2024.05.21 08:51:59 INFO  [success] Generated .bloop\scalaromainleguen-test.json
2024.05.21 08:51:59 INFO  [success] Total time: 3 s, completed 21 mai 2024, 08:51:59
2024.05.21 08:51:59 INFO  time: ran 'sbt bloopInstall' in 10s
2024.05.21 08:51:59 INFO  Disconnecting from Bloop session...
2024.05.21 08:51:59 INFO  Shut down connection with build server.
2024.05.21 08:51:59 INFO  Attempting to connect to the build server...
2024.05.21 08:51:59 INFO  tracing is disabled for protocol BSP, to enable tracing of incoming and outgoing JSON messages create an empty file at C:\Users\warsr\Documents\GitHub\scalaromainleguen\.metals\bsp.trace.json or C:\Users\warsr\AppData\Local\scalameta\metals\cache\bsp.trace.json
2024.05.21 08:51:59 INFO  time: Connected to build server in 42ms
2024.05.21 08:51:59 INFO  Connected to Build server: Bloop v1.5.17
2024.05.21 08:52:03 INFO  time: indexed workspace in 3.94s
2024.05.21 08:52:03 WARN  no build target for: C:\Users\warsr\Documents\GitHub\scalaromainleguen\scalaromainleguen\build.sbt
2024.05.21 08:52:03 INFO  compiling scalaromainleguen (1 scala source)
2024.05.21 08:52:03 INFO  time: compiled scalaromainleguen in 0.25s
2024.05.21 08:52:03 INFO  no build target found for C:\Users\warsr\Documents\GitHub\scalaromainleguen\scalaromainleguen\build.sbt. Using presentation compiler with project's scala-library version: 2.13.12
2024.05.21 08:52:03 INFO  no build target found for C:\Users\warsr\Documents\GitHub\scalaromainleguen\scalaromainleguen\build.sbt. Using presentation compiler with project's scala-library version: 2.13.12
2024.05.21 08:54:07 WARN  Flyway upgrade recommended: H2 2.2.224 is newer than this version of Flyway and support has not been tested. The latest supported version of H2 is 2.2.220.
2024.05.21 08:54:07 INFO  no build target found for /scala/Unit.scala. Using presentation compiler with project's scala-library version: 3.3.3
mai 21, 2024 8:54:10 AM org.eclipse.lsp4j.jsonrpc.RemoteEndpoint handleCancellation
AVERTISSEMENT: Unmatched cancel notification for request id 438
2024.05.21 08:54:19 INFO  compiling scalaromainleguen (2 scala sources)
2024.05.21 08:54:19 INFO  time: compiled scalaromainleguen in 92ms
2024.05.21 08:54:19 INFO  compiling scalaromainleguen (2 scala sources)
2024.05.21 08:54:19 INFO  time: compiled scalaromainleguen in 45ms
2024.05.21 08:54:23 INFO  compiling scalaromainleguen (2 scala sources)
2024.05.21 08:54:23 INFO  time: compiled scalaromainleguen in 65ms
2024.05.21 08:54:47 INFO  compiling scalaromainleguen (2 scala sources)
2024.05.21 08:54:47 INFO  time: compiled scalaromainleguen in 62ms
mai 21, 2024 8:55:01 AM org.eclipse.lsp4j.jsonrpc.RemoteEndpoint handleCancellation
AVERTISSEMENT: Unmatched cancel notification for request id 550
2024.05.21 08:55:01 INFO  compiling scalaromainleguen (2 scala sources)
2024.05.21 08:55:01 INFO  time: compiled scalaromainleguen in 65ms
mai 21, 2024 8:55:04 AM org.eclipse.lsp4j.jsonrpc.RemoteEndpoint handleCancellation
AVERTISSEMENT: Unmatched cancel notification for request id 559
2024.05.21 08:55:24 INFO  compiling scalaromainleguen (3 scala sources)
2024.05.21 08:55:24 INFO  time: compiled scalaromainleguen in 83ms
2024.05.21 08:55:24 INFO  compiling scalaromainleguen (3 scala sources)
2024.05.21 08:55:24 INFO  time: compiled scalaromainleguen in 50ms
2024.05.21 08:55:26 INFO  compiling scalaromainleguen (3 scala sources)
2024.05.21 08:55:26 INFO  time: compiled scalaromainleguen in 59ms
mai 21, 2024 8:55:30 AM org.eclipse.lsp4j.jsonrpc.RemoteEndpoint handleCancellation
AVERTISSEMENT: Unmatched cancel notification for request id 588
mai 21, 2024 8:55:37 AM org.eclipse.lsp4j.jsonrpc.RemoteEndpoint handleCancellation
AVERTISSEMENT: Unmatched cancel notification for request id 605
2024.05.21 08:55:40 WARN  Using indexes to guess the definition of PrimaryStage
2024.05.21 08:55:40 WARN  Using indexes to guess the definition of PrimaryStage
2024.05.21 08:55:40 INFO  no build target found for /scalafx/application/JFXApp3.scala. Using presentation compiler with project's scala-library version: 3.3.3
mai 21, 2024 8:55:41 AM scala.meta.internal.pc.CompilerAccess handleError
GRAVE: A severe compiler error occurred, full details of the error can be found in the error report C:\Users\warsr\Documents\GitHub\scalaromainleguen\.metals\.reports\metals-full\2024-05-21\r_compiler-error_(scalaromainleguen)_08-55-41-425.md
mai 21, 2024 8:55:44 AM org.eclipse.lsp4j.jsonrpc.RemoteEndpoint handleCancellation
AVERTISSEMENT: Unmatched cancel notification for request id 636
2024.05.21 08:55:49 INFO  compiling scalaromainleguen (3 scala sources)
2024.05.21 08:55:49 INFO  time: compiled scalaromainleguen in 90ms
2024.05.21 08:56:39 INFO  compiling scalaromainleguen (4 scala sources)
2024.05.21 08:56:39 INFO  time: compiled scalaromainleguen in 87ms
2024.05.21 08:56:39 INFO  compiling scalaromainleguen (9 scala sources)
2024.05.21 08:56:39 INFO  time: compiled scalaromainleguen in 57ms
2024.05.21 08:56:45 INFO  compiling scalaromainleguen (8 scala sources)
2024.05.21 08:56:45 INFO  time: compiled scalaromainleguen in 73ms
2024.05.21 08:56:45 INFO  compiling scalaromainleguen (7 scala sources)
2024.05.21 08:56:45 WARN  Invalid text document uri received from build server: file:///C:/Users/warsr/Documents/GitHub/scalaromainleguen/scalaromainleguen/src/main/scala/Direction%20copy.scala
2024.05.21 08:56:45 INFO  time: compiled scalaromainleguen in 83ms
2024.05.21 08:56:45 INFO  compiling scalaromainleguen (4 scala sources)
2024.05.21 08:56:45 INFO  time: compiled scalaromainleguen in 98ms
2024.05.21 08:56:45 INFO  compiling scalaromainleguen (3 scala sources)
2024.05.21 08:56:45 INFO  time: compiled scalaromainleguen in 57ms
mai 21, 2024 8:56:46 AM org.eclipse.lsp4j.jsonrpc.RemoteEndpoint handleCancellation
AVERTISSEMENT: Unmatched cancel notification for request id 805
2024.05.21 08:56:49 INFO  compiling scalaromainleguen (2 scala sources)
2024.05.21 08:56:49 WARN  Invalid text document uri received from build server: file:///C:/Users/warsr/Documents/GitHub/scalaromainleguen/scalaromainleguen/src/main/scala/Main.scala
2024.05.21 08:56:49 INFO  BSP server: value * is not a member of object javafx.scene.input.KeyCode
2024.05.21 08:56:49 WARN  Invalid text document uri received from build server: file:///C:/Users/warsr/Documents/GitHub/scalaromainleguen/scalaromainleguen/src/main/scala/Main.scala
2024.05.21 08:56:49 INFO  BSP server: not found: type GameState
2024.05.21 08:56:49 WARN  Invalid text document uri received from build server: file:///C:/Users/warsr/Documents/GitHub/scalaromainleguen/scalaromainleguen/src/main/scala/Main.scala
2024.05.21 08:56:49 INFO  BSP server: not found: value GameState
2024.05.21 08:56:49 WARN  Invalid text document uri received from build server: file:///C:/Users/warsr/Documents/GitHub/scalaromainleguen/scalaromainleguen/src/main/scala/Main.scala
2024.05.21 08:56:49 INFO  BSP server: not found: value Snake
2024.05.21 08:56:49 WARN  Invalid text document uri received from build server: file:///C:/Users/warsr/Documents/GitHub/scalaromainleguen/scalaromainleguen/src/main/scala/Main.scala
2024.05.21 08:56:49 INFO  BSP server: not found: value Food
2024.05.21 08:56:49 WARN  Invalid text document uri received from build server: file:///C:/Users/warsr/Documents/GitHub/scalaromainleguen/scalaromainleguen/src/main/scala/Main.scala
2024.05.21 08:56:49 INFO  BSP server: not found: type Direction
2024.05.21 08:56:49 WARN  Invalid text document uri received from build server: file:///C:/Users/warsr/Documents/GitHub/scalaromainleguen/scalaromainleguen/src/main/scala/Main.scala
2024.05.21 08:56:49 INFO  BSP server: not found: value Direction
2024.05.21 08:56:49 WARN  Invalid text document uri received from build server: file:///C:/Users/warsr/Documents/GitHub/scalaromainleguen/scalaromainleguen/src/main/scala/Main.scala
2024.05.21 08:56:49 INFO  BSP server: not found: value stage
2024.05.21 08:56:49 WARN  Invalid text document uri received from build server: file:///C:/Users/warsr/Documents/GitHub/scalaromainleguen/scalaromainleguen/src/main/scala/Main.scala
2024.05.21 08:56:49 INFO  BSP server: not found: value Indefinite
2024.05.21 08:56:49 WARN  Invalid text document uri received from build server: file:///C:/Users/warsr/Documents/GitHub/scalaromainleguen/scalaromainleguen/src/main/scala/Direction.scala
2024.05.21 08:56:49 INFO  time: compiled scalaromainleguen in 0.2s
2024.05.21 08:56:49 INFO  no build target found for C:\Users\warsr\Documents\GitHub\scalaromainleguen\scalaromainleguen\build.sbt. Using presentation compiler with project's scala-library version: 2.13.12
2024.05.21 08:56:50 INFO  no build target found for C:\Users\warsr\Documents\GitHub\scalaromainleguen\scalaromainleguen\build.sbt. Using presentation compiler with project's scala-library version: 2.13.12
2024.05.21 08:56:54 INFO  compiling scalaromainleguen (1 scala source)
2024.05.21 08:56:54 INFO  time: compiled scalaromainleguen in 0.86s
2024.05.21 08:56:54 INFO  no build target found for C:\Users\warsr\Documents\GitHub\scalaromainleguen\scalaromainleguen\build.sbt. Using presentation compiler with project's scala-library version: 2.13.12
2024.05.21 08:56:54 INFO  compiling scalaromainleguen (6 scala sources)
2024.05.21 08:56:54 INFO  time: compiled scalaromainleguen in 49ms
2024.05.21 08:56:55 INFO  no build target found for C:\Users\warsr\Documents\GitHub\scalaromainleguen\scalaromainleguen\build.sbt. Using presentation compiler with project's scala-library version: 2.13.12
2024.05.21 08:56:55 INFO  no build target found for C:\Users\warsr\Documents\GitHub\scalaromainleguen\scalaromainleguen\build.sbt. Using presentation compiler with project's scala-library version: 2.13.12
mai 21, 2024 8:57:18 AM org.eclipse.lsp4j.jsonrpc.RemoteEndpoint handleCancellation
AVERTISSEMENT: Unmatched cancel notification for request id 892
2024.05.21 08:57:19 INFO  no build target found for C:\Users\warsr\Documents\GitHub\scalaromainleguen\scalaromainleguen\build.sbt. Using presentation compiler with project's scala-library version: 2.13.12
2024.05.21 08:57:23 INFO  no build target found for C:\Users\warsr\Documents\GitHub\scalaromainleguen\scalaromainleguen\build.sbt. Using presentation compiler with project's scala-library version: 2.13.12
2024.05.21 08:57:23 INFO  no build target found for C:\Users\warsr\Documents\GitHub\scalaromainleguen\scalaromainleguen\build.sbt. Using presentation compiler with project's scala-library version: 2.13.12
2024.05.21 08:57:23 INFO  no build target found for C:\Users\warsr\Documents\GitHub\scalaromainleguen\scalaromainleguen\build.sbt. Using presentation compiler with project's scala-library version: 2.13.12
2024.05.21 08:57:24 INFO  no build target found for C:\Users\warsr\Documents\GitHub\scalaromainleguen\scalaromainleguen\build.sbt. Using presentation compiler with project's scala-library version: 2.13.12
2024.05.21 08:57:23 INFO  no build target found for C:\Users\warsr\Documents\GitHub\scalaromainleguen\scalaromainleguen\build.sbt. Using presentation compiler with project's scala-library version: 2.13.12
2024.05.21 08:57:23 INFO  no build target found for C:\Users\warsr\Documents\GitHub\scalaromainleguen\scalaromainleguen\build.sbt. Using presentation compiler with project's scala-library version: 2.13.12
2024.05.21 08:57:32 INFO  no build target found for C:\Users\warsr\Documents\GitHub\scalaromainleguen\scalaromainleguen\build.sbt. Using presentation compiler with project's scala-library version: 2.13.12
2024.05.21 08:57:32 INFO  no build target found for C:\Users\warsr\Documents\GitHub\scalaromainleguen\scalaromainleguen\build.sbt. Using presentation compiler with project's scala-library version: 2.13.12
2024.05.21 08:57:33 WARN  no build target for: C:\Users\warsr\Documents\GitHub\scalaromainleguen\scalaromainleguen\build.sbt
2024.05.21 08:57:33 INFO  no build target found for C:\Users\warsr\Documents\GitHub\scalaromainleguen\scalaromainleguen\build.sbt. Using presentation compiler with project's scala-library version: 2.13.12
2024.05.21 08:57:34 INFO  running 'C:\Users\warsr\AppData\Local\Coursier\cache\arc\https\github.com\adoptium\temurin17-binaries\releases\download\jdk-17%252B35\OpenJDK17-jdk_x64_windows_hotspot_17_35.zip\jdk-17+35\bin\java.exe -Djline.terminal=jline.UnsupportedTerminal -Dsbt.log.noformat=true -Dfile.encoding=UTF-8 -jar C:\Users\warsr\AppData\Local\Temp\metals11252502724585281197\sbt-launch.jar -Dbloop.export-jar-classifiers=sources bloopInstall'
2024.05.21 08:57:36 INFO  [info] welcome to sbt 1.9.9 (Eclipse Adoptium Java 17)
2024.05.21 08:57:36 INFO  [info] loading settings for project scalaromainleguen-build-build from metals.sbt ...
2024.05.21 08:57:37 INFO  [info] loading project definition from C:\Users\warsr\Documents\GitHub\scalaromainleguen\scalaromainleguen\project\project
2024.05.21 08:57:37 INFO  [info] loading settings for project scalaromainleguen-build from metals.sbt ...
2024.05.21 08:57:37 INFO  [info] loading project definition from C:\Users\warsr\Documents\GitHub\scalaromainleguen\scalaromainleguen\project
2024.05.21 08:57:40 INFO  [success] Generated .bloop\scalaromainleguen-build.json
2024.05.21 08:57:40 INFO  [success] Total time: 2 s, completed 21 mai 2024, 08:57:40
2024.05.21 08:57:42 INFO  [info] loading settings for project scalaromainleguen from build.sbt ...
2024.05.21 08:57:42 INFO  [info] set current project to scalaromainleguen (in build file:/C:/Users/warsr/Documents/GitHub/scalaromainleguen/scalaromainleguen/)
2024.05.21 08:57:42 INFO  [success] Generated .bloop\scalaromainleguen.json
2024.05.21 08:57:42 INFO  [success] Generated .bloop\scalaromainleguen-test.json
2024.05.21 08:57:42 INFO  [success] Total time: 1 s, completed 21 mai 2024, 08:57:42
2024.05.21 08:57:43 INFO  time: ran 'sbt bloopInstall' in 8.14s
2024.05.21 08:57:43 INFO  Disconnecting from Bloop session...
2024.05.21 08:57:43 INFO  Shut down connection with build server.
2024.05.21 08:57:43 INFO  Attempting to connect to the build server...
2024.05.21 08:57:43 INFO  tracing is disabled for protocol BSP, to enable tracing of incoming and outgoing JSON messages create an empty file at C:\Users\warsr\Documents\GitHub\scalaromainleguen\.metals\bsp.trace.json or C:\Users\warsr\AppData\Local\scalameta\metals\cache\bsp.trace.json
2024.05.21 08:57:43 INFO  time: Connected to build server in 46ms
2024.05.21 08:57:43 INFO  Connected to Build server: Bloop v1.5.17
2024.05.21 08:57:47 INFO  time: indexed workspace in 4.54s
2024.05.21 08:57:47 WARN  no build target for: C:\Users\warsr\Documents\GitHub\scalaromainleguen\scalaromainleguen\build.sbt
2024.05.21 08:57:47 INFO  compiling scalaromainleguen (6 scala sources)
2024.05.21 08:57:48 INFO  no build target found for C:\Users\warsr\Documents\GitHub\scalaromainleguen\scalaromainleguen\build.sbt. Using presentation compiler with project's scala-library version: 3.3.3
2024.05.21 08:57:49 INFO  time: compiled scalaromainleguen in 1.41s
exception caught when loading module class module-info$: java.lang.AssertionError: assertion failed: attempt to parse java.lang.Object from classfile
2024.05.21 08:58:08 INFO  no build target found for /scalafx/application/JFXApp3.scala. Using presentation compiler with project's scala-library version: 3.3.3
exception caught when loading module class module-info$: java.lang.AssertionError: assertion failed: attempt to parse java.lang.Object from classfile
mai 21, 2024 8:58:14 AM org.eclipse.lsp4j.jsonrpc.RemoteEndpoint handleCancellation
AVERTISSEMENT: Unmatched cancel notification for request id 977
2024.05.21 08:58:43 INFO  no build target found for C:\Users\warsr\Documents\GitHub\scalaromainleguen\scalaromainleguen\build.sbt. Using presentation compiler with project's scala-library version: 3.3.3
2024.05.21 08:58:43 WARN  Could not find semantic tokens for: file:///C:/Users/warsr/Documents/GitHub/scalaromainleguen/scalaromainleguen/build.sbt
2024.05.21 08:58:47 INFO  no build target found for C:\Users\warsr\Documents\GitHub\scalaromainleguen\scalaromainleguen\build.sbt. Using presentation compiler with project's scala-library version: 3.3.3
2024.05.21 08:58:47 WARN  Could not find semantic tokens for: file:///C:/Users/warsr/Documents/GitHub/scalaromainleguen/scalaromainleguen/build.sbt
2024.05.21 08:59:00 INFO  compiling scalaromainleguen (1 scala source)
2024.05.21 08:59:00 WARN  Could not find semantic tokens for: file:///C:/Users/warsr/Documents/GitHub/scalaromainleguen/scalaromainleguen/src/main/scala/Particule.scala
2024.05.21 08:59:00 INFO  time: compiled scalaromainleguen in 81ms
2024.05.21 08:59:01 WARN  Could not find semantic tokens for: file:///C:/Users/warsr/Documents/GitHub/scalaromainleguen/scalaromainleguen/src/main/scala/Particule.scala
exception caught when loading module class module-info$: java.lang.AssertionError: assertion failed: attempt to parse java.lang.Object from classfile
2024.05.21 08:59:06 WARN  Could not find semantic tokens for: file:///C:/Users/warsr/Documents/GitHub/scalaromainleguen/scalaromainleguen/src/main/scala/Particule.scala
mai 21, 2024 8:59:12 AM org.eclipse.lsp4j.jsonrpc.RemoteEndpoint handleCancellation
AVERTISSEMENT: Unmatched cancel notification for request id 1087
2024.05.21 08:59:48 INFO  no build target found for /scala/Boolean.scala. Using presentation compiler with project's scala-library version: 3.3.3
2024.05.21 09:00:26 INFO  compiling scalaromainleguen (1 scala source)
2024.05.21 09:00:26 INFO  time: compiled scalaromainleguen in 0.14s
2024.05.21 09:00:34 INFO  compiling scalaromainleguen (1 scala source)
2024.05.21 09:00:34 INFO  time: compiled scalaromainleguen in 96ms
2024.05.21 09:00:36 INFO  no build target found for /scala/Double.scala. Using presentation compiler with project's scala-library version: 3.3.3
mai 21, 2024 9:00:43 AM org.eclipse.lsp4j.jsonrpc.RemoteEndpoint handleCancellation
AVERTISSEMENT: Unmatched cancel notification for request id 1378
2024.05.21 09:00:48 INFO  compiling scalaromainleguen (1 scala source)
2024.05.21 09:00:48 INFO  time: compiled scalaromainleguen in 62ms
2024.05.21 09:01:10 INFO  compiling scalaromainleguen (1 scala source)
2024.05.21 09:01:10 INFO  time: compiled scalaromainleguen in 0.26s
2024.05.21 09:01:10 INFO  compiling scalaromainleguen (2 scala sources)
2024.05.21 09:01:12 INFO  time: compiled scalaromainleguen in 2.09s
2024.05.21 09:01:15 INFO  compiling scalaromainleguen (1 scala source)
2024.05.21 09:01:15 INFO  time: compiled scalaromainleguen in 0.22s
2024.05.21 09:01:15 INFO  compiling scalaromainleguen (2 scala sources)
2024.05.21 09:01:16 INFO  time: compiled scalaromainleguen in 1.06s
2024.05.21 09:01:39 INFO  compiling scalaromainleguen (1 scala source)
2024.05.21 09:01:39 INFO  time: compiled scalaromainleguen in 0.2s
2024.05.21 09:01:39 INFO  compiling scalaromainleguen (2 scala sources)
2024.05.21 09:01:40 INFO  time: compiled scalaromainleguen in 0.91s
exception caught when loading module class module-info$: java.lang.AssertionError: assertion failed: attempt to parse java.lang.Object from classfile
2024.05.21 09:01:52 INFO  compiling scalaromainleguen (1 scala source)
2024.05.21 09:01:52 INFO  time: compiled scalaromainleguen in 0.16s
2024.05.21 09:01:52 INFO  compiling scalaromainleguen (2 scala sources)
2024.05.21 09:01:53 INFO  time: compiled scalaromainleguen in 0.93s
exception caught when loading module class module-info$: java.lang.AssertionError: assertion failed: attempt to parse java.lang.Object from classfile
2024.05.21 09:01:58 INFO  no build target found for /scalafx/scene/shape/Rectangle.scala. Using presentation compiler with project's scala-library version: 3.3.3
2024.05.21 09:01:58 INFO  compiling scalaromainleguen (1 scala source)
2024.05.21 09:01:58 INFO  time: compiled scalaromainleguen in 0.14s
2024.05.21 09:01:58 INFO  compiling scalaromainleguen (2 scala sources)
2024.05.21 09:01:59 INFO  no build target found for /scala/package.scala. Using presentation compiler with project's scala-library version: 3.3.3
mai 21, 2024 9:01:59 AM org.eclipse.lsp4j.jsonrpc.RemoteEndpoint handleCancellation
AVERTISSEMENT: Unmatched cancel notification for request id 1676
2024.05.21 09:02:00 INFO  time: compiled scalaromainleguen in 1.2s
2024.05.21 09:02:00 INFO  compiling scalaromainleguen (1 scala source)
2024.05.21 09:02:00 INFO  time: compiled scalaromainleguen in 0.19s
2024.05.21 09:02:00 INFO  compiling scalaromainleguen (2 scala sources)
2024.05.21 09:02:01 INFO  time: compiled scalaromainleguen in 0.89s
2024.05.21 09:02:15 INFO  no build target found for /scalafx/scene/paint/Color.scala. Using presentation compiler with project's scala-library version: 3.3.3
2024.05.21 09:02:16 INFO  compiling scalaromainleguen (2 scala sources)
2024.05.21 09:02:16 INFO  time: compiled scalaromainleguen in 0.11s
exception caught when loading module class module-info$: java.lang.AssertionError: assertion failed: attempt to parse java.lang.Object from classfile
mai 21, 2024 9:02:21 AM org.eclipse.lsp4j.jsonrpc.RemoteEndpoint handleCancellation
AVERTISSEMENT: Unmatched cancel notification for request id 1769
2024.05.21 09:02:21 INFO  compiling scalaromainleguen (2 scala sources)
2024.05.21 09:02:21 INFO  time: compiled scalaromainleguen in 0.1s
2024.05.21 09:02:28 INFO  compiling scalaromainleguen (3 scala sources)
2024.05.21 09:02:28 INFO  time: compiled scalaromainleguen in 0.11s
exception caught when loading module class module-info$: java.lang.AssertionError: assertion failed: attempt to parse java.lang.Object from classfile
2024.05.21 09:02:32 INFO  compiling scalaromainleguen (3 scala sources)
2024.05.21 09:02:32 INFO  time: compiled scalaromainleguen in 0.11s
2024.05.21 09:02:32 INFO  compiling scalaromainleguen (7 scala sources)
2024.05.21 09:02:33 INFO  time: compiled scalaromainleguen in 0.56s
exception caught when loading module class module-info$: java.lang.AssertionError: assertion failed: attempt to parse java.lang.Object from classfile
2024.05.21 09:02:36 INFO  compiling scalaromainleguen (7 scala sources)
2024.05.21 09:02:36 INFO  time: compiled scalaromainleguen in 0.53s
mai 21, 2024 9:02:37 AM org.eclipse.lsp4j.jsonrpc.RemoteEndpoint handleCancellation
AVERTISSEMENT: Unmatched cancel notification for request id 1849
exception caught when loading module class module-info$: java.lang.AssertionError: assertion failed: attempt to parse java.lang.Object from classfile
2024.05.21 09:02:42 INFO  compiling scalaromainleguen (7 scala sources)
2024.05.21 09:02:42 INFO  time: compiled scalaromainleguen in 0.53s
mai 21, 2024 9:02:43 AM org.eclipse.lsp4j.jsonrpc.RemoteEndpoint handleCancellation
AVERTISSEMENT: Unmatched cancel notification for request id 1894
2024.05.21 09:02:45 WARN  Using indexes to guess the definition of Snake
2024.05.21 09:02:45 INFO  compiling scalaromainleguen (7 scala sources)
2024.05.21 09:02:45 INFO  time: compiled scalaromainleguen in 0.82s
mai 21, 2024 9:02:47 AM org.eclipse.lsp4j.jsonrpc.RemoteEndpoint handleCancellation
AVERTISSEMENT: Unmatched cancel notification for request id 1919
mai 21, 2024 9:02:50 AM org.eclipse.lsp4j.jsonrpc.RemoteEndpoint handleCancellation
AVERTISSEMENT: Unmatched cancel notification for request id 1943
2024.05.21 09:02:58 INFO  compiling scalaromainleguen (7 scala sources)
2024.05.21 09:02:58 INFO  time: compiled scalaromainleguen in 0.52s
mai 21, 2024 9:02:59 AM org.eclipse.lsp4j.jsonrpc.RemoteEndpoint handleCancellation
AVERTISSEMENT: Unmatched cancel notification for request id 1979
2024.05.21 09:03:00 INFO  compiling scalaromainleguen (7 scala sources)
2024.05.21 09:03:00 INFO  time: compiled scalaromainleguen in 0.5s
2024.05.21 09:03:15 WARN  Using indexes to guess the definition of Direction
2024.05.21 09:03:16 WARN  Using indexes to guess the definition of Direction
2024.05.21 09:03:16 INFO  compiling scalaromainleguen (7 scala sources)
2024.05.21 09:03:16 INFO  time: compiled scalaromainleguen in 0.53s
2024.05.21 09:03:21 WARN  Using indexes to guess the definition of Main
2024.05.21 09:03:21 WARN  Using indexes to guess the definition of Main
2024.05.21 09:03:44 WARN  Using indexes to guess the definition of Main
mai 21, 2024 9:03:50 AM org.eclipse.lsp4j.jsonrpc.RemoteEndpoint handleCancellation
AVERTISSEMENT: Unmatched cancel notification for request id 2118
mai 21, 2024 9:03:52 AM org.eclipse.lsp4j.jsonrpc.RemoteEndpoint handleCancellation
AVERTISSEMENT: Unmatched cancel notification for request id 2124
mai 21, 2024 9:04:09 AM org.eclipse.lsp4j.jsonrpc.RemoteEndpoint handleCancellation
AVERTISSEMENT: Unmatched cancel notification for request id 2136
2024.05.21 09:04:11 WARN  Using indexes to guess the definition of Direction
2024.05.21 09:04:11 WARN  Using indexes to guess the definition of Direction
2024.05.21 09:04:11 INFO  compiling scalaromainleguen (7 scala sources)
2024.05.21 09:04:11 INFO  time: compiled scalaromainleguen in 0.62s
mai 21, 2024 9:04:19 AM org.eclipse.lsp4j.jsonrpc.RemoteEndpoint handleCancellation
AVERTISSEMENT: Unmatched cancel notification for request id 2164
mai 21, 2024 9:05:03 AM org.eclipse.lsp4j.jsonrpc.RemoteEndpoint handleCancellation
AVERTISSEMENT: Unmatched cancel notification for request id 2317
2024.05.21 09:06:58 INFO  compiling scalaromainleguen (1 scala source)
2024.05.21 09:06:58 INFO  time: compiled scalaromainleguen in 0.17s
2024.05.21 09:06:58 INFO  compiling scalaromainleguen (3 scala sources)
2024.05.21 09:06:58 INFO  time: compiled scalaromainleguen in 0.42s
mai 21, 2024 9:07:20 AM org.eclipse.lsp4j.jsonrpc.RemoteEndpoint handleCancellation
AVERTISSEMENT: Unmatched cancel notification for request id 2817
mai 21, 2024 9:07:42 AM org.eclipse.lsp4j.jsonrpc.RemoteEndpoint handleCancellation
AVERTISSEMENT: Unmatched cancel notification for request id 2859
2024.05.21 09:07:45 INFO  no build target found for /scalafx/beans/property/ObjectProperty.scala. Using presentation compiler with project's scala-library version: 3.3.3
2024.05.21 09:07:52 INFO  no build target found for /scalafx/scene/Scene.scala. Using presentation compiler with project's scala-library version: 3.3.3
2024.05.21 09:08:02 INFO  compiling scalaromainleguen (1 scala source)
2024.05.21 09:08:02 INFO  time: compiled scalaromainleguen in 0.29s
2024.05.21 09:08:28 INFO  no build target found for /scalafx/scene/shape/Shape.scala. Using presentation compiler with project's scala-library version: 3.3.3
mai 21, 2024 9:08:28 AM org.eclipse.lsp4j.jsonrpc.RemoteEndpoint handleCancellation
AVERTISSEMENT: Unmatched cancel notification for request id 2963
mai 21, 2024 9:09:27 AM org.eclipse.lsp4j.jsonrpc.RemoteEndpoint handleCancellation
AVERTISSEMENT: Unmatched cancel notification for request id 3089
mai 21, 2024 9:10:11 AM org.eclipse.lsp4j.jsonrpc.RemoteEndpoint handleCancellation
AVERTISSEMENT: Unmatched cancel notification for request id 3178
mai 21, 2024 9:11:20 AM org.eclipse.lsp4j.jsonrpc.RemoteEndpoint handleCancellation
AVERTISSEMENT: Unmatched cancel notification for request id 3268
2024.05.21 09:11:26 INFO  no build target found for /scala/Tuple2.scala. Using presentation compiler with project's scala-library version: 3.3.3
2024.05.21 09:11:27 INFO  compiling scalaromainleguen (1 scala source)
2024.05.21 09:11:27 INFO  time: compiled scalaromainleguen in 0.11s
2024.05.21 09:11:28 WARN  Could not load snapshot text for C:\Users\warsr\Documents\GitHub\scalaromainleguen\scalaromainleguen\src\main\scala\GameState.scala
2024.05.21 09:11:57 INFO  compiling scalaromainleguen (1 scala source)
2024.05.21 09:11:57 INFO  time: compiled scalaromainleguen in 0.11s
2024.05.21 09:11:57 INFO  compiling scalaromainleguen (1 scala source)
2024.05.21 09:11:57 INFO  time: compiled scalaromainleguen in 0.14s
2024.05.21 09:11:57 INFO  compiling scalaromainleguen (1 scala source)
2024.05.21 09:11:57 INFO  time: compiled scalaromainleguen in 0.1s
2024.05.21 09:12:06 INFO  compiling scalaromainleguen (2 scala sources)
2024.05.21 09:12:06 INFO  time: compiled scalaromainleguen in 0.16s
2024.05.21 09:12:09 INFO  compiling scalaromainleguen (2 scala sources)
2024.05.21 09:12:09 INFO  time: compiled scalaromainleguen in 0.16s
2024.05.21 09:12:20 WARN  Could not load snapshot text for C:\Users\warsr\Documents\GitHub\scalaromainleguen\scalaromainleguen\src\main\scala\GameState.scala
2024.05.21 09:12:22 WARN  Could not load snapshot text for C:\Users\warsr\Documents\GitHub\scalaromainleguen\scalaromainleguen\src\main\scala\GameState.scala
2024.05.21 09:12:25 WARN  Could not load snapshot text for C:\Users\warsr\Documents\GitHub\scalaromainleguen\scalaromainleguen\src\main\scala\GameState.scala
2024.05.21 09:12:25 WARN  Could not load snapshot text for C:\Users\warsr\Documents\GitHub\scalaromainleguen\scalaromainleguen\src\main\scala\GameState.scala
2024.05.21 09:12:26 WARN  Could not load snapshot text for C:\Users\warsr\Documents\GitHub\scalaromainleguen\scalaromainleguen\src\main\scala\GameState.scala
2024.05.21 09:12:29 WARN  Could not load snapshot text for C:\Users\warsr\Documents\GitHub\scalaromainleguen\scalaromainleguen\src\main\scala\GameState.scala
2024.05.21 09:12:29 WARN  Could not load snapshot text for C:\Users\warsr\Documents\GitHub\scalaromainleguen\scalaromainleguen\src\main\scala\GameState.scala
2024.05.21 09:12:31 WARN  Could not load snapshot text for C:\Users\warsr\Documents\GitHub\scalaromainleguen\scalaromainleguen\src\main\scala\GameState.scala
2024.05.21 09:12:37 WARN  Could not load snapshot text for C:\Users\warsr\Documents\GitHub\scalaromainleguen\scalaromainleguen\src\main\scala\GameState.scala
2024.05.21 09:12:37 WARN  Could not load snapshot text for C:\Users\warsr\Documents\GitHub\scalaromainleguen\scalaromainleguen\src\main\scala\GameState.scala
2024.05.21 09:12:37 WARN  Could not load snapshot text for C:\Users\warsr\Documents\GitHub\scalaromainleguen\scalaromainleguen\src\main\scala\GameState.scala
2024.05.21 09:12:37 WARN  Could not load snapshot text for C:\Users\warsr\Documents\GitHub\scalaromainleguen\scalaromainleguen\src\main\scala\GameState.scala
2024.05.21 09:12:44 WARN  Could not load snapshot text for C:\Users\warsr\Documents\GitHub\scalaromainleguen\scalaromainleguen\src\main\scala\GameState.scala
2024.05.21 09:12:44 WARN  Could not load snapshot text for C:\Users\warsr\Documents\GitHub\scalaromainleguen\scalaromainleguen\src\main\scala\GameState.scala
2024.05.21 09:12:44 WARN  Could not load snapshot text for C:\Users\warsr\Documents\GitHub\scalaromainleguen\scalaromainleguen\src\main\scala\GameState.scala
2024.05.21 09:12:44 WARN  Could not load snapshot text for C:\Users\warsr\Documents\GitHub\scalaromainleguen\scalaromainleguen\src\main\scala\GameState.scala
2024.05.21 09:12:44 WARN  Could not load snapshot text for C:\Users\warsr\Documents\GitHub\scalaromainleguen\scalaromainleguen\src\main\scala\GameState.scala
2024.05.21 09:12:44 WARN  Could not load snapshot text for C:\Users\warsr\Documents\GitHub\scalaromainleguen\scalaromainleguen\src\main\scala\GameState.scala
2024.05.21 09:12:46 WARN  Could not load snapshot text for C:\Users\warsr\Documents\GitHub\scalaromainleguen\scalaromainleguen\src\main\scala\GameState.scala
2024.05.21 09:12:50 WARN  Could not load snapshot text for C:\Users\warsr\Documents\GitHub\scalaromainleguen\scalaromainleguen\src\main\scala\GameState.scala
2024.05.21 09:12:50 WARN  Could not load snapshot text for C:\Users\warsr\Documents\GitHub\scalaromainleguen\scalaromainleguen\src\main\scala\GameState.scala
2024.05.21 09:12:50 WARN  Could not load snapshot text for C:\Users\warsr\Documents\GitHub\scalaromainleguen\scalaromainleguen\src\main\scala\GameState.scala
2024.05.21 09:12:50 WARN  Could not load snapshot text for C:\Users\warsr\Documents\GitHub\scalaromainleguen\scalaromainleguen\src\main\scala\GameState.scala
2024.05.21 09:12:50 WARN  Could not load snapshot text for C:\Users\warsr\Documents\GitHub\scalaromainleguen\scalaromainleguen\src\main\scala\GameState.scala
2024.05.21 09:12:50 WARN  Could not load snapshot text for C:\Users\warsr\Documents\GitHub\scalaromainleguen\scalaromainleguen\src\main\scala\GameState.scala
2024.05.21 09:12:50 WARN  Could not load snapshot text for C:\Users\warsr\Documents\GitHub\scalaromainleguen\scalaromainleguen\src\main\scala\GameState.scala
2024.05.21 09:12:50 WARN  Could not load snapshot text for C:\Users\warsr\Documents\GitHub\scalaromainleguen\scalaromainleguen\src\main\scala\GameState.scala
2024.05.21 09:12:52 WARN  Could not load snapshot text for C:\Users\warsr\Documents\GitHub\scalaromainleguen\scalaromainleguen\src\main\scala\GameState.scala
2024.05.21 09:12:52 WARN  Could not load snapshot text for C:\Users\warsr\Documents\GitHub\scalaromainleguen\scalaromainleguen\src\main\scala\GameState.scala
2024.05.21 09:12:52 WARN  Could not load snapshot text for C:\Users\warsr\Documents\GitHub\scalaromainleguen\scalaromainleguen\src\main\scala\GameState.scala
2024.05.21 09:12:52 WARN  Could not load snapshot text for C:\Users\warsr\Documents\GitHub\scalaromainleguen\scalaromainleguen\src\main\scala\GameState.scala
2024.05.21 09:12:52 WARN  Could not load snapshot text for C:\Users\warsr\Documents\GitHub\scalaromainleguen\scalaromainleguen\src\main\scala\GameState.scala
2024.05.21 09:12:52 WARN  Could not load snapshot text for C:\Users\warsr\Documents\GitHub\scalaromainleguen\scalaromainleguen\src\main\scala\GameState.scala
2024.05.21 09:12:52 WARN  Could not load snapshot text for C:\Users\warsr\Documents\GitHub\scalaromainleguen\scalaromainleguen\src\main\scala\GameState.scala
2024.05.21 09:12:53 WARN  Could not load snapshot text for C:\Users\warsr\Documents\GitHub\scalaromainleguen\scalaromainleguen\src\main\scala\GameState.scala
2024.05.21 09:12:53 WARN  Could not load snapshot text for C:\Users\warsr\Documents\GitHub\scalaromainleguen\scalaromainleguen\src\main\scala\GameState.scala
2024.05.21 09:12:53 WARN  Could not load snapshot text for C:\Users\warsr\Documents\GitHub\scalaromainleguen\scalaromainleguen\src\main\scala\GameState.scala
2024.05.21 09:12:54 INFO  compiling scalaromainleguen (2 scala sources)
2024.05.21 09:12:54 INFO  time: compiled scalaromainleguen in 0.39s
2024.05.21 09:13:05 INFO  no build target found for /scalafx/delegate/PositionDelegate.scala. Using presentation compiler with project's scala-library version: 3.3.3
2024.05.21 09:13:05 INFO  no build target found for /scalafx/delegate/DimensionDelegate.scala. Using presentation compiler with project's scala-library version: 3.3.3
mai 21, 2024 9:13:13 AM org.eclipse.lsp4j.jsonrpc.RemoteEndpoint handleCancellation
AVERTISSEMENT: Unmatched cancel notification for request id 3767
2024.05.21 09:13:15 INFO  compiling scalaromainleguen (1 scala source)
2024.05.21 09:13:15 INFO  time: compiled scalaromainleguen in 0.15s
2024.05.21 09:13:22 INFO  compiling scalaromainleguen (1 scala source)
2024.05.21 09:13:22 INFO  time: compiled scalaromainleguen in 0.27s
mai 21, 2024 9:14:01 AM org.eclipse.lsp4j.jsonrpc.RemoteEndpoint handleCancellation
AVERTISSEMENT: Unmatched cancel notification for request id 3864
2024.05.21 09:14:04 INFO  compiling scalaromainleguen (1 scala source)
2024.05.21 09:14:04 INFO  time: compiled scalaromainleguen in 0.45s
2024.05.21 09:14:40 INFO  compiling scalaromainleguen (1 scala source)
2024.05.21 09:14:40 INFO  time: compiled scalaromainleguen in 0.47s
mai 21, 2024 9:14:52 AM org.eclipse.lsp4j.jsonrpc.RemoteEndpoint handleCancellation
AVERTISSEMENT: Unmatched cancel notification for request id 3978
mai 21, 2024 9:15:29 AM org.eclipse.lsp4j.jsonrpc.RemoteEndpoint handleCancellation
AVERTISSEMENT: Unmatched cancel notification for request id 4006
2024.05.21 09:16:05 INFO  compiling scalaromainleguen (2 scala sources)
2024.05.21 09:16:05 INFO  time: compiled scalaromainleguen in 0.47s
2024.05.21 09:16:06 WARN  Could not load snapshot text for C:\Users\warsr\Documents\GitHub\scalaromainleguen\scalaromainleguen\src\main\scala\Main.scala
2024.05.21 09:16:14 WARN  Could not load snapshot text for C:\Users\warsr\Documents\GitHub\scalaromainleguen\scalaromainleguen\src\main\scala\Main.scala
2024.05.21 09:16:16 WARN  Could not load snapshot text for C:\Users\warsr\Documents\GitHub\scalaromainleguen\scalaromainleguen\src\main\scala\Main.scala
2024.05.21 09:16:29 INFO  compiling scalaromainleguen (2 scala sources)
2024.05.21 09:16:29 INFO  time: compiled scalaromainleguen in 0.84s
mai 21, 2024 9:17:23 AM org.eclipse.lsp4j.jsonrpc.RemoteEndpoint handleCancellation
AVERTISSEMENT: Unmatched cancel notification for request id 4278
2024.05.21 09:17:24 WARN  Could not load snapshot text for C:\Users\warsr\Documents\GitHub\scalaromainleguen\scalaromainleguen\src\main\scala\Main.scala
mai 21, 2024 9:17:28 AM org.eclipse.lsp4j.jsonrpc.RemoteEndpoint handleCancellation
AVERTISSEMENT: Unmatched cancel notification for request id 4296
2024.05.21 09:17:44 INFO  compiling scalaromainleguen (2 scala sources)
2024.05.21 09:17:44 INFO  time: compiled scalaromainleguen in 0.65s
2024.05.21 09:18:15 INFO  compiling scalaromainleguen (2 scala sources)
2024.05.21 09:18:15 INFO  time: compiled scalaromainleguen in 0.7s
2024.05.21 09:18:16 WARN  Could not load snapshot text for C:\Users\warsr\Documents\GitHub\scalaromainleguen\scalaromainleguen\src\main\scala\Main.scala
mai 21, 2024 9:18:17 AM org.eclipse.lsp4j.jsonrpc.RemoteEndpoint handleCancellation
AVERTISSEMENT: Unmatched cancel notification for request id 4395
2024.05.21 09:18:20 WARN  Could not load snapshot text for C:\Users\warsr\Documents\GitHub\scalaromainleguen\scalaromainleguen\src\main\scala\Main.scala
mai 21, 2024 9:18:24 AM org.eclipse.lsp4j.jsonrpc.RemoteEndpoint handleCancellation
AVERTISSEMENT: Unmatched cancel notification for request id 4411
2024.05.21 09:18:28 INFO  compiling scalaromainleguen (2 scala sources)
2024.05.21 09:18:28 INFO  time: compiled scalaromainleguen in 0.58s
mai 21, 2024 9:18:33 AM org.eclipse.lsp4j.jsonrpc.RemoteEndpoint handleCancellation
AVERTISSEMENT: Unmatched cancel notification for request id 4441
2024.05.21 09:18:34 WARN  Could not load snapshot text for C:\Users\warsr\Documents\GitHub\scalaromainleguen\scalaromainleguen\src\main\scala\Main.scala
2024.05.21 09:18:35 INFO  compiling scalaromainleguen (2 scala sources)
2024.05.21 09:18:35 INFO  time: compiled scalaromainleguen in 0.47s
2024.05.21 09:18:36 WARN  Could not load snapshot text for C:\Users\warsr\Documents\GitHub\scalaromainleguen\scalaromainleguen\src\main\scala\Main.scala
2024.05.21 09:19:16 INFO  compiling scalaromainleguen (2 scala sources)
2024.05.21 09:19:16 INFO  time: compiled scalaromainleguen in 0.45s
2024.05.21 09:19:29 INFO  compiling scalaromainleguen (2 scala sources)
2024.05.21 09:19:29 INFO  time: compiled scalaromainleguen in 0.68s
mai 21, 2024 9:19:46 AM org.eclipse.lsp4j.jsonrpc.RemoteEndpoint handleCancellation
AVERTISSEMENT: Unmatched cancel notification for request id 4612
mai 21, 2024 9:19:48 AM org.eclipse.lsp4j.jsonrpc.RemoteEndpoint handleCancellation
AVERTISSEMENT: Unmatched cancel notification for request id 4630
2024.05.21 09:19:48 WARN  Could not load snapshot text for C:\Users\warsr\Documents\GitHub\scalaromainleguen\scalaromainleguen\src\main\scala\Main.scala
2024.05.21 09:19:58 WARN  Could not load snapshot text for C:\Users\warsr\Documents\GitHub\scalaromainleguen\scalaromainleguen\src\main\scala\Main.scala
2024.05.21 09:20:31 INFO  compiling scalaromainleguen (2 scala sources)
2024.05.21 09:20:31 INFO  time: compiled scalaromainleguen in 0.75s
mai 21, 2024 9:20:33 AM org.eclipse.lsp4j.jsonrpc.RemoteEndpoint handleCancellation
AVERTISSEMENT: Unmatched cancel notification for request id 4734
2024.05.21 09:20:33 WARN  Could not load snapshot text for C:\Users\warsr\Documents\GitHub\scalaromainleguen\scalaromainleguen\src\main\scala\Main.scala
2024.05.21 09:20:35 WARN  Could not load snapshot text for C:\Users\warsr\Documents\GitHub\scalaromainleguen\scalaromainleguen\src\main\scala\Main.scala
2024.05.21 09:20:35 WARN  Could not load snapshot text for C:\Users\warsr\Documents\GitHub\scalaromainleguen\scalaromainleguen\src\main\scala\Main.scala
2024.05.21 09:20:37 WARN  Could not load snapshot text for C:\Users\warsr\Documents\GitHub\scalaromainleguen\scalaromainleguen\src\main\scala\Main.scala
2024.05.21 09:20:41 WARN  Could not load snapshot text for C:\Users\warsr\Documents\GitHub\scalaromainleguen\scalaromainleguen\src\main\scala\Main.scala
2024.05.21 09:21:05 INFO  compiling scalaromainleguen (2 scala sources)
2024.05.21 09:21:05 INFO  time: compiled scalaromainleguen in 0.72s
2024.05.21 09:21:32 INFO  compiling scalaromainleguen (2 scala sources)
2024.05.21 09:21:32 INFO  time: compiled scalaromainleguen in 0.49s
mai 21, 2024 9:21:35 AM org.eclipse.lsp4j.jsonrpc.RemoteEndpoint handleCancellation
AVERTISSEMENT: Unmatched cancel notification for request id 4868
2024.05.21 09:21:35 WARN  Could not load snapshot text for C:\Users\warsr\Documents\GitHub\scalaromainleguen\scalaromainleguen\src\main\scala\Main.scala
mai 21, 2024 9:21:50 AM org.eclipse.lsp4j.jsonrpc.RemoteEndpoint handleCancellation
AVERTISSEMENT: Unmatched cancel notification for request id 4886
2024.05.21 09:22:02 INFO  compiling scalaromainleguen (2 scala sources)
2024.05.21 09:22:02 INFO  time: compiled scalaromainleguen in 0.34s
mai 21, 2024 9:22:13 AM org.eclipse.lsp4j.jsonrpc.RemoteEndpoint handleCancellation
AVERTISSEMENT: Unmatched cancel notification for request id 4974
mai 21, 2024 9:22:14 AM org.eclipse.lsp4j.jsonrpc.RemoteEndpoint handleCancellation
AVERTISSEMENT: Unmatched cancel notification for request id 4991
mai 21, 2024 9:22:20 AM org.eclipse.lsp4j.jsonrpc.RemoteEndpoint handleCancellation
AVERTISSEMENT: Unmatched cancel notification for request id 5015
2024.05.21 09:22:24 INFO  no build target found for C:\Users\warsr\Documents\GitHub\scalaromainleguen\scalaromainleguen\build.sbt. Using presentation compiler with project's scala-library version: 3.3.3
2024.05.21 09:22:51 INFO  compiling scalaromainleguen (1 scala source)
2024.05.21 09:22:51 INFO  time: compiled scalaromainleguen in 0.28s
mai 21, 2024 9:28:05 AM org.eclipse.lsp4j.jsonrpc.RemoteEndpoint handleCancellation
AVERTISSEMENT: Unmatched cancel notification for request id 5260
mai 21, 2024 9:28:08 AM org.eclipse.lsp4j.jsonrpc.RemoteEndpoint handleCancellation
AVERTISSEMENT: Unmatched cancel notification for request id 5272
mai 21, 2024 9:28:23 AM org.eclipse.lsp4j.jsonrpc.RemoteEndpoint handleCancellation
AVERTISSEMENT: Unmatched cancel notification for request id 5349
mai 21, 2024 9:28:29 AM org.eclipse.lsp4j.jsonrpc.RemoteEndpoint handleCancellation
AVERTISSEMENT: Unmatched cancel notification for request id 5373
2024.05.21 09:28:32 INFO  compiling scalaromainleguen (1 scala source)
2024.05.21 09:28:32 INFO  time: compiled scalaromainleguen in 54ms
2024.05.21 09:28:33 WARN  Could not load snapshot text for C:\Users\warsr\Documents\GitHub\scalaromainleguen\scalaromainleguen\src\main\scala\Particule.scala
2024.05.21 09:28:35 WARN  Could not load snapshot text for C:\Users\warsr\Documents\GitHub\scalaromainleguen\scalaromainleguen\src\main\scala\Particule.scala
2024.05.21 09:28:36 INFO  compiling scalaromainleguen (1 scala source)
2024.05.21 09:28:36 INFO  time: compiled scalaromainleguen in 0.13s
2024.05.21 09:28:36 INFO  compiling scalaromainleguen (1 scala source)
2024.05.21 09:28:36 INFO  time: compiled scalaromainleguen in 0.12s
2024.05.21 09:28:36 WARN  Could not load snapshot text for C:\Users\warsr\Documents\GitHub\scalaromainleguen\scalaromainleguen\src\main\scala\Particule.scala
mai 21, 2024 9:28:38 AM org.eclipse.lsp4j.jsonrpc.RemoteEndpoint handleCancellation
AVERTISSEMENT: Unmatched cancel notification for request id 5419
2024.05.21 09:28:55 INFO  compiling scalaromainleguen (2 scala sources)
2024.05.21 09:28:55 INFO  time: compiled scalaromainleguen in 0.46s
2024.05.21 09:28:57 INFO  compiling scalaromainleguen (2 scala sources)
2024.05.21 09:28:57 INFO  time: compiled scalaromainleguen in 0.52s
2024.05.21 09:29:03 WARN  Could not load snapshot text for C:\Users\warsr\Documents\GitHub\scalaromainleguen\scalaromainleguen\src\main\scala\Particule.scala
2024.05.21 09:29:06 WARN  Could not load snapshot text for C:\Users\warsr\Documents\GitHub\scalaromainleguen\scalaromainleguen\src\main\scala\Particule.scala
mai 21, 2024 9:29:07 AM org.eclipse.lsp4j.jsonrpc.RemoteEndpoint handleCancellation
AVERTISSEMENT: Unmatched cancel notification for request id 5579
mai 21, 2024 9:29:07 AM org.eclipse.lsp4j.jsonrpc.RemoteEndpoint handleCancellation
AVERTISSEMENT: Unmatched cancel notification for request id 5587
mai 21, 2024 9:29:22 AM org.eclipse.lsp4j.jsonrpc.RemoteEndpoint handleCancellation
AVERTISSEMENT: Unmatched cancel notification for request id 5619
mai 21, 2024 9:29:29 AM org.eclipse.lsp4j.jsonrpc.RemoteEndpoint handleCancellation
AVERTISSEMENT: Unmatched cancel notification for request id 5642
mai 21, 2024 9:29:31 AM org.eclipse.lsp4j.jsonrpc.RemoteEndpoint handleCancellation
AVERTISSEMENT: Unmatched cancel notification for request id 5651
2024.05.21 09:29:32 WARN  Could not load snapshot text for C:\Users\warsr\Documents\GitHub\scalaromainleguen\scalaromainleguen\src\main\scala\Particule.scala
mai 21, 2024 9:29:36 AM org.eclipse.lsp4j.jsonrpc.RemoteEndpoint handleCancellation
AVERTISSEMENT: Unmatched cancel notification for request id 5660
2024.05.21 09:29:40 WARN  Could not load snapshot text for C:\Users\warsr\Documents\GitHub\scalaromainleguen\scalaromainleguen\src\main\scala\Particule.scala
2024.05.21 09:29:41 WARN  Could not load snapshot text for C:\Users\warsr\Documents\GitHub\scalaromainleguen\scalaromainleguen\src\main\scala\Particule.scala
2024.05.21 09:29:41 WARN  Could not load snapshot text for C:\Users\warsr\Documents\GitHub\scalaromainleguen\scalaromainleguen\src\main\scala\Particule.scala
2024.05.21 09:29:41 WARN  Could not load snapshot text for C:\Users\warsr\Documents\GitHub\scalaromainleguen\scalaromainleguen\src\main\scala\Particule.scala
2024.05.21 09:29:42 INFO  compiling scalaromainleguen (2 scala sources)
2024.05.21 09:29:42 INFO  time: compiled scalaromainleguen in 0.61s
2024.05.21 09:29:43 WARN  Could not load snapshot text for C:\Users\warsr\Documents\GitHub\scalaromainleguen\scalaromainleguen\src\main\scala\Particule.scala
2024.05.21 09:29:52 WARN  Could not load snapshot text for C:\Users\warsr\Documents\GitHub\scalaromainleguen\scalaromainleguen\src\main\scala\Particule.scala
2024.05.21 09:29:55 WARN  Could not load snapshot text for C:\Users\warsr\Documents\GitHub\scalaromainleguen\scalaromainleguen\src\main\scala\Particule.scala
2024.05.21 09:29:57 WARN  Could not load snapshot text for C:\Users\warsr\Documents\GitHub\scalaromainleguen\scalaromainleguen\src\main\scala\Particule.scala
2024.05.21 09:29:57 INFO  compiling scalaromainleguen (2 scala sources)
2024.05.21 09:29:57 INFO  time: compiled scalaromainleguen in 0.45s
2024.05.21 09:29:58 WARN  Could not load snapshot text for C:\Users\warsr\Documents\GitHub\scalaromainleguen\scalaromainleguen\src\main\scala\Particule.scala
2024.05.21 09:30:05 INFO  compiling scalaromainleguen (2 scala sources)
2024.05.21 09:30:05 INFO  time: compiled scalaromainleguen in 0.43s
mai 21, 2024 9:30:31 AM org.eclipse.lsp4j.jsonrpc.RemoteEndpoint handleCancellation
AVERTISSEMENT: Unmatched cancel notification for request id 5806
2024.05.21 09:30:32 INFO  compiling scalaromainleguen (3 scala sources)
2024.05.21 09:30:32 INFO  time: compiled scalaromainleguen in 0.14s
2024.05.21 09:30:51 INFO  compiling scalaromainleguen (3 scala sources)
2024.05.21 09:30:51 INFO  time: compiled scalaromainleguen in 0.37s
2024.05.21 09:31:21 INFO  compiling scalaromainleguen (1 scala source)
2024.05.21 09:31:21 INFO  time: compiled scalaromainleguen in 0.42s
2024.05.21 09:31:35 INFO  compiling scalaromainleguen (1 scala source)
2024.05.21 09:31:35 INFO  time: compiled scalaromainleguen in 65ms
2024.05.21 09:31:47 INFO  compiling scalaromainleguen (1 scala source)
2024.05.21 09:31:47 INFO  time: compiled scalaromainleguen in 0.43s
2024.05.21 09:50:14 WARN  Target root C:\Users\warsr\Documents\GitHub\scalaromainleguen\scalaromainleguen\.bloop\scalaromainleguen\bloop-bsp-clients-classes\classes-Metals-Ms3UcNSgQ1imgQtPhaBgsg== does not exist
2024.05.21 09:50:21 WARN  Target root C:\Users\warsr\Documents\GitHub\scalaromainleguen\scalaromainleguen\.bloop\scalaromainleguen\bloop-bsp-clients-classes\classes-Metals-Ms3UcNSgQ1imgQtPhaBgsg== does not exist
2024.05.21 09:50:22 INFO  tracing is disabled for protocol BSP, to enable tracing of incoming and outgoing JSON messages create an empty file at C:\Users\warsr\Documents\GitHub\scalaromainleguen\.metals\bsp.trace.json or C:\Users\warsr\AppData\Local\scalameta\metals\cache\bsp.trace.json
2024.05.21 09:50:22 INFO  tracing is disabled for protocol BSP, to enable tracing of incoming and outgoing JSON messages create an empty file at C:\Users\warsr\Documents\GitHub\scalaromainleguen\.metals\bsp.trace.json or C:\Users\warsr\AppData\Local\scalameta\metals\cache\bsp.trace.json
2024.05.21 09:50:22 INFO  Connected to Build server: Bloop v1.5.17
2024.05.21 09:50:22 INFO  Connected to Build server: Bloop v1.5.17
2024.05.21 09:50:22 INFO  compiling scalaromainleguen (1 scala source)
2024.05.21 09:50:22 INFO  time: compiled scalaromainleguen in 0.53s
2024.05.21 09:50:22 INFO  time: Imported build in 0.62s
2024.05.21 09:50:22 INFO  time: Imported build in 0.62s
2024.05.21 09:50:24 INFO  compiling scalaromainleguen (2 scala sources)
2024.05.21 09:50:24 INFO  time: compiled scalaromainleguen in 0.77s
2024.05.21 09:50:25 WARN  Could not load snapshot text for C:\Users\warsr\Documents\GitHub\scalaromainleguen\scalaromainleguen\src\main\scala\Main.scala
2024.05.21 09:50:36 INFO  time: indexed workspace in 13s
exception caught when loading module class module-info$: java.lang.AssertionError: assertion failed: attempt to parse java.lang.Object from classfile
2024.05.21 09:50:36 INFO  compiling scalaromainleguen (2 scala sources)
2024.05.21 09:50:36 INFO  time: indexed workspace in 13s
2024.05.21 09:50:36 INFO  time: compiled scalaromainleguen in 0.72s
2024.05.21 09:50:36 INFO  compiling scalaromainleguen (2 scala sources)
2024.05.21 09:50:38 INFO  time: compiled scalaromainleguen in 0.75s
2024.05.21 09:51:09 INFO  compiling scalaromainleguen (2 scala sources)
2024.05.21 09:51:09 INFO  time: compiled scalaromainleguen in 0.72s
2024.05.21 09:51:36 INFO  compiling scalaromainleguen (2 scala sources)
2024.05.21 09:51:36 INFO  time: compiled scalaromainleguen in 0.78s
2024.05.21 09:53:10 INFO  compiling scalaromainleguen (2 scala sources)
2024.05.21 09:53:10 INFO  time: compiled scalaromainleguen in 0.69s
2024.05.21 09:53:16 INFO  compiling scalaromainleguen (2 scala sources)
2024.05.21 09:53:16 INFO  time: compiled scalaromainleguen in 0.71s
mai 21, 2024 9:53:18 AM org.eclipse.lsp4j.jsonrpc.RemoteEndpoint handleCancellation
AVERTISSEMENT: Unmatched cancel notification for request id 6415
2024.05.21 09:53:24 INFO  compiling scalaromainleguen (2 scala sources)
2024.05.21 09:53:24 INFO  time: compiled scalaromainleguen in 0.74s
2024.05.21 09:54:21 INFO  compiling scalaromainleguen (2 scala sources)
2024.05.21 09:54:21 INFO  time: compiled scalaromainleguen in 0.71s
2024.05.21 09:54:40 INFO  compiling scalaromainleguen (2 scala sources)
2024.05.21 09:54:40 INFO  time: compiled scalaromainleguen in 0.73s
2024.05.21 09:55:06 WARN  Using indexes to guess the definition of Rectangle
2024.05.21 09:55:07 WARN  Using indexes to guess the definition of Rectangle
2024.05.21 09:55:33 WARN  Using indexes to guess the definition of Rectangle
2024.05.21 09:55:36 INFO  compiling scalaromainleguen (2 scala sources)
2024.05.21 09:55:36 INFO  time: compiled scalaromainleguen in 0.74s
2024.05.21 09:55:44 INFO  compiling scalaromainleguen (2 scala sources)
2024.05.21 09:55:44 INFO  time: compiled scalaromainleguen in 0.72s
2024.05.21 09:56:02 INFO  compiling scalaromainleguen (2 scala sources)
2024.05.21 09:56:02 INFO  time: compiled scalaromainleguen in 0.71s
mai 21, 2024 9:56:05 AM org.eclipse.lsp4j.jsonrpc.RemoteEndpoint handleCancellation
AVERTISSEMENT: Unmatched cancel notification for request id 6784
2024.05.21 09:56:09 INFO  compiling scalaromainleguen (2 scala sources)
2024.05.21 09:56:09 INFO  time: compiled scalaromainleguen in 0.66s
2024.05.21 09:56:26 INFO  Shutting down server
2024.05.21 09:56:26 INFO  shutting down Metals
2024.05.21 09:56:26 INFO  Shut down connection with build server.
2024.05.21 09:56:26 INFO  Exiting server
